<?xml version="1.0" encoding="UTF-8"?>
<!-- Generated by org.testng.reporters.JUnitReportReporter -->
<testsuite hostname="ATMECSINLT-072" name="EP_fame.EP_fame1.TestCreditCardValidations" tests="1" failures="0" timestamp="27 May 2016 11:50:05 GMT" time="2.294" errors="0">
  <testcase name="testCreditCard" time="2.294" classname="EP_fame.EP_fame1.TestCreditCardValidations"/>
</testsuite> <!-- EP_fame.EP_fame1.TestCreditCardValidations -->
