<?xml version="1.0" encoding="UTF-8"?>
<!-- Generated by org.testng.reporters.JUnitReportReporter -->
<testsuite hostname="ATMECSINLT-072" name="EP_fame.EP_fame1.AppTest" tests="1" failures="0" timestamp="27 May 2016 11:36:15 GMT" time="0.016" errors="0">
  <testcase name="testApp" time="0.016" classname="EP_fame.EP_fame1.AppTest"/>
</testsuite> <!-- EP_fame.EP_fame1.AppTest -->
